#
# There is insufficient memory for the Java Runtime Environment to continue.
# Native memory allocation (mmap) failed to map 130023424 bytes for G1 virtual space
# Possible reasons:
#   The system is out of physical RAM or swap space
#   The process is running with CompressedOops enabled, and the Java Heap may be blocking the growth of the native heap
# Possible solutions:
#   Reduce memory load on the system
#   Increase physical memory or swap space
#   Check if swap backing store is full
#   Decrease Java heap size (-Xmx/-Xms)
#   Decrease number of Java threads
#   Decrease Java thread stack sizes (-Xss)
#   Set larger code cache with -XX:ReservedCodeCacheSize=
#   JVM is running with Unscaled Compressed Oops mode in which the Java heap is
#     placed in the first 4GB address space. The Java Heap base address is the
#     maximum limit for the native heap growth. Please use -XX:HeapBaseMinAddress
#     to set the Java Heap base and to place the Java Heap above 4GB virtual address.
# This output file may be truncated or incomplete.
#
#  Out of Memory Error (os_windows.cpp:3536), pid=23060, tid=12388
#
# JRE version:  (19.0.2+7) (build )
# Java VM: Java HotSpot(TM) 64-Bit Server VM (19.0.2+7-44, mixed mode, sharing, tiered, compressed oops, compressed class ptrs, g1 gc, windows-amd64)
# No core dump will be written. Minidumps are not enabled by default on client versions of Windows
#

---------------  S U M M A R Y ------------

Command Line: org.jetbrains.kotlin.cli.jvm.K2JVMCompiler @C:\Users\Abubakar.NOTEBOOK\Documents\projects\expo-app-boilerplate\node_modules\@react-native\gradle-plugin\shared\build\20250221_7521419025380381535.compiler.options

Host: 11th Gen Intel(R) Core(TM) i5-1135G7 @ 2.40GHz, 8 cores, 7G,  Windows 11 , 64 bit Build 26058 (10.0.26058.1000)
Time: Fri Feb 21 22:15:35 2025 E. Africa Standard Time elapsed time: 2.030519 seconds (0d 0h 0m 2s)

---------------  T H R E A D  ---------------

Current thread (0x0000023db60df730):  JavaThread "Unknown thread" [_thread_in_vm, id=12388, stack(0x000000c1e0f00000,0x000000c1e1000000)]

Stack: [0x000000c1e0f00000,0x000000c1e1000000]
Native frames: (J=compiled Java code, j=interpreted, Vv=VM code, C=native code)
V  [jvm.dll+0x6ee21a]
V  [jvm.dll+0x85765e]
V  [jvm.dll+0x85904e]
V  [jvm.dll+0x859703]
V  [jvm.dll+0x28298f]
V  [jvm.dll+0x6eb009]
V  [jvm.dll+0x6dfbaa]
V  [jvm.dll+0x3573f6]
V  [jvm.dll+0x35ee56]
V  [jvm.dll+0x3b541e]
V  [jvm.dll+0x3b564f]
V  [jvm.dll+0x32c9ea]
V  [jvm.dll+0x32d89e]
V  [jvm.dll+0x821780]
V  [jvm.dll+0x3c2661]
V  [jvm.dll+0x801f51]
V  [jvm.dll+0x44ae8f]
V  [jvm.dll+0x44c811]
C  [jli.dll+0x5287]
C  [ucrtbase.dll+0x69ee0]
C  [KERNEL32.DLL+0x28d17]
C  [ntdll.dll+0x77450]


---------------  P R O C E S S  ---------------

Threads class SMR info:
_java_thread_list=0x00007ffa6fa2d048, length=0, elements={
}

Java Threads: ( => current thread )

Other Threads:
  0x0000023db613f6a0 WorkerThread "GC Thread#0" [stack: 0x000000c1e1000000,0x000000c1e1100000] [id=14040]
  0x0000023db614fd00 ConcurrentGCThread "G1 Main Marker" [stack: 0x000000c1e1100000,0x000000c1e1200000] [id=11148]
  0x0000023db6152050 WorkerThread "G1 Conc#0" [stack: 0x000000c1e1200000,0x000000c1e1300000] [id=12392]

[error occurred during error reporting (printing all threads), id 0xc0000005, EXCEPTION_ACCESS_VIOLATION (0xc0000005) at pc=0x00007ffa6f1ed427]

VM state: not at safepoint (not fully initialized)

VM Mutex/Monitor currently owned by a thread:  ([mutex/lock_event])
[0x0000023db60ddb10] Heap_lock - owner thread: 0x0000023db60df730

Heap address: 0x0000000085800000, size: 1960 MB, Compressed Oops mode: 32-bit

CDS archive(s) mapped at: [0x0000000000000000-0x0000000000000000-0x0000000000000000), size 0, SharedBaseAddress: 0x0000000800000000, ArchiveRelocationMode: 0.
Narrow klass base: 0x0000000000000000, Narrow klass shift: 0, Narrow klass range: 0x0

GC Precious Log:
 CardTable entry size: 512
 Card Set container configuration: InlinePtr #cards 5 size 8 Array Of Cards #cards 12 size 40 Howl #buckets 4 coarsen threshold 1843 Howl Bitmap #cards 512 size 80 coarsen threshold 460 Card regions per heap region 1 cards per card region 2048

Heap:
 garbage-first heap   total 0K, used 0K [0x0000000085800000, 0x0000000100000000)
  region size 1024K, 0 young (0K), 0 survivors (0K)

[error occurred during error reporting (printing heap information), id 0xc0000005, EXCEPTION_ACCESS_VIOLATION (0xc0000005) at pc=0x00007ffa6f5f6649]

GC Heap History (0 events):
No events

Dll operation events (1 events):
Event: 0.017 Loaded shared library C:\Program Files\Java\jdk-19\bin\java.dll

Deoptimization events (0 events):
No events

Classes loaded (0 events):
No events

Classes unloaded (0 events):
No events

Classes redefined (0 events):
No events

Internal exceptions (0 events):
No events

VM Operations (0 events):
No events

Events (0 events):
No events


Dynamic libraries:
0x00007ff7768a0000 - 0x00007ff7768b0000 	C:\Program Files\Java\jdk-19\bin\java.exe
0x00007ffac5e10000 - 0x00007ffac605f000 	C:\WINDOWS\SYSTEM32\ntdll.dll
0x00007ffac4a60000 - 0x00007ffac4b26000 	C:\WINDOWS\System32\KERNEL32.DLL
0x00007ffac3440000 - 0x00007ffac37d6000 	C:\WINDOWS\System32\KERNELBASE.dll
0x00007ffabd850000 - 0x00007ffabd8f0000 	C:\WINDOWS\SYSTEM32\apphelp.dll
0x00007ffac3880000 - 0x00007ffac39cb000 	C:\WINDOWS\System32\ucrtbase.dll
0x00007ffa9d980000 - 0x00007ffa9d998000 	C:\Program Files\Java\jdk-19\bin\jli.dll
0x00007ffa9d4a0000 - 0x00007ffa9d4bb000 	C:\Program Files\Java\jdk-19\bin\VCRUNTIME140.dll
0x00007ffac5000000 - 0x00007ffac50b2000 	C:\WINDOWS\System32\ADVAPI32.dll
0x00007ffac3cc0000 - 0x00007ffac3d69000 	C:\WINDOWS\System32\msvcrt.dll
0x00007ffac3d70000 - 0x00007ffac3e16000 	C:\WINDOWS\System32\sechost.dll
0x00007ffac3a00000 - 0x00007ffac3a26000 	C:\WINDOWS\System32\bcrypt.dll
0x00007ffac4ee0000 - 0x00007ffac4ff9000 	C:\WINDOWS\System32\RPCRT4.dll
0x00007ffac5780000 - 0x00007ffac593f000 	C:\WINDOWS\System32\USER32.dll
0x00007ffac39d0000 - 0x00007ffac39f7000 	C:\WINDOWS\System32\win32u.dll
0x00007ffaa91b0000 - 0x00007ffaa9441000 	C:\WINDOWS\WinSxS\amd64_microsoft.windows.common-controls_6595b64144ccf1df_6.0.26058.1000_none_3fb4aebdb096c418\COMCTL32.dll
0x00007ffac3c90000 - 0x00007ffac3cba000 	C:\WINDOWS\System32\GDI32.dll
0x00007ffac3ae0000 - 0x00007ffac3c00000 	C:\WINDOWS\System32\gdi32full.dll
0x00007ffac3a30000 - 0x00007ffac3ad3000 	C:\WINDOWS\System32\msvcp_win.dll
0x00007ffabb210000 - 0x00007ffabb21b000 	C:\WINDOWS\SYSTEM32\VERSION.dll
0x00007ffac4040000 - 0x00007ffac406d000 	C:\WINDOWS\System32\IMM32.DLL
0x00007ffab23c0000 - 0x00007ffab23cc000 	C:\Program Files\Java\jdk-19\bin\vcruntime140_1.dll
0x00007ffa85e10000 - 0x00007ffa85e9e000 	C:\Program Files\Java\jdk-19\bin\msvcp140.dll
0x00007ffa6eeb0000 - 0x00007ffa6fb70000 	C:\Program Files\Java\jdk-19\bin\server\jvm.dll
0x00007ffab3a60000 - 0x00007ffab3a6a000 	C:\WINDOWS\SYSTEM32\WSOCK32.dll
0x00007ffab8720000 - 0x00007ffab8756000 	C:\WINDOWS\SYSTEM32\WINMM.dll
0x00007ffac5560000 - 0x00007ffac55d4000 	C:\WINDOWS\System32\WS2_32.dll
0x00007ffac1f00000 - 0x00007ffac1f1a000 	C:\WINDOWS\SYSTEM32\kernel.appcore.dll
0x00007ffaa5a00000 - 0x00007ffaa5a0a000 	C:\Program Files\Java\jdk-19\bin\jimage.dll
0x00007ffac0990000 - 0x00007ffac0bcd000 	C:\WINDOWS\SYSTEM32\DBGHELP.DLL
0x00007ffac50f0000 - 0x00007ffac5469000 	C:\WINDOWS\System32\combase.dll
0x00007ffac5470000 - 0x00007ffac5546000 	C:\WINDOWS\System32\OLEAUT32.dll
0x00007ffaa3d20000 - 0x00007ffaa3d59000 	C:\WINDOWS\SYSTEM32\dbgcore.DLL
0x00007ffac37e0000 - 0x00007ffac3879000 	C:\WINDOWS\System32\bcryptPrimitives.dll
0x00007ffa90ef0000 - 0x00007ffa90f16000 	C:\Program Files\Java\jdk-19\bin\java.dll

dbghelp: loaded successfully - version: 4.0.5 - missing functions: none
symbol engine: initialized successfully - sym options: 0x614 - pdb path: .;C:\Program Files\Java\jdk-19\bin;C:\WINDOWS\SYSTEM32;C:\WINDOWS\WinSxS\amd64_microsoft.windows.common-controls_6595b64144ccf1df_6.0.26058.1000_none_3fb4aebdb096c418;C:\Program Files\Java\jdk-19\bin\server

VM Arguments:
java_command: org.jetbrains.kotlin.cli.jvm.K2JVMCompiler @C:\Users\Abubakar.NOTEBOOK\Documents\projects\expo-app-boilerplate\node_modules\@react-native\gradle-plugin\shared\build\20250221_7521419025380381535.compiler.options
java_class_path (initial): C:\Users\Abubakar.NOTEBOOK\.gradle\caches\modules-2\files-2.1\org.jetbrains.kotlin\kotlin-compiler-embeddable\1.9.25\6e698f23ca1f74d6672827f61e92c2fe015d1b88\kotlin-compiler-embeddable-1.9.25.jar;C:\Users\Abubakar.NOTEBOOK\.gradle\caches\modules-2\files-2.1\org.jetbrains.kotlin\kotlin-stdlib\1.9.25\f700a2f2b8f0d6d0fde48f56d894dc722fb029d7\kotlin-stdlib-1.9.25.jar;C:\Users\Abubakar.NOTEBOOK\.gradle\caches\modules-2\files-2.1\org.jetbrains.kotlin\kotlin-script-runtime\1.9.25\43cdc99e4582c67c2b60f609d0e4c015d33a8e89\kotlin-script-runtime-1.9.25.jar;C:\Users\Abubakar.NOTEBOOK\.gradle\caches\modules-2\files-2.1\org.jetbrains.kotlin\kotlin-reflect\1.6.10\1cbe9c92c12a94eea200d23c2bbaedaf3daf5132\kotlin-reflect-1.6.10.jar;C:\Users\Abubakar.NOTEBOOK\.gradle\caches\modules-2\files-2.1\org.jetbrains.kotlin\kotlin-daemon-embeddable\1.9.25\3a1ebb4f98ed480e4774f45e3be215626eb3ae02\kotlin-daemon-embeddable-1.9.25.jar;C:\Users\Abubakar.NOTEBOOK\.gradle\caches\modules-2\files-2.1\org.jetbrains.intellij.deps\trove4j\1.0.20200330\3afb14d5f9ceb459d724e907a21145e8ff394f02\trove4j-1.0.20200330.jar;C:\Users\Abubakar.NOTEBOOK\.gradle\caches\modules-2\files-2.1\org.jetbrains\annotations\13.0\919f0dfe192fb4e063e7dacadee7f8bb9a2672a9\annotations-13.0.jar
Launcher Type: SUN_STANDARD

[Global flags]
     intx CICompilerCount                          = 4                                         {product} {ergonomic}
     uint ConcGCThreads                            = 2                                         {product} {ergonomic}
     uint G1ConcRefinementThreads                  = 8                                         {product} {ergonomic}
   size_t G1HeapRegionSize                         = 1048576                                   {product} {ergonomic}
    uintx GCDrainStackTargetSize                   = 64                                        {product} {ergonomic}
   size_t InitialHeapSize                          = 130023424                                 {product} {ergonomic}
   size_t MarkStackSize                            = 4194304                                   {product} {ergonomic}
   size_t MaxHeapSize                              = 2055208960                                {product} {ergonomic}
   size_t MinHeapDeltaBytes                        = 1048576                                   {product} {ergonomic}
   size_t MinHeapSize                              = 8388608                                   {product} {ergonomic}
    uintx NonNMethodCodeHeapSize                   = 5839372                                {pd product} {ergonomic}
    uintx NonProfiledCodeHeapSize                  = 122909434                              {pd product} {ergonomic}
    uintx ProfiledCodeHeapSize                     = 122909434                              {pd product} {ergonomic}
    uintx ReservedCodeCacheSize                    = 251658240                              {pd product} {ergonomic}
     bool SegmentedCodeCache                       = true                                      {product} {ergonomic}
   size_t SoftMaxHeapSize                          = 2055208960                             {manageable} {ergonomic}
     bool UseCompressedClassPointers               = true                           {product lp64_product} {ergonomic}
     bool UseCompressedOops                        = true                           {product lp64_product} {ergonomic}
     bool UseG1GC                                  = true                                      {product} {ergonomic}
     bool UseLargePagesIndividualAllocation        = false                                  {pd product} {ergonomic}

Logging:
Log output configuration:
 #0: stdout all=warning uptime,level,tags foldmultilines=false
 #1: stderr all=off uptime,level,tags foldmultilines=false

Environment Variables:
JAVA_HOME=C:\Program Files\Java\jdk-19
PATH=C:\Program Files\Common Files\Oracle\Java\javapath;C:\WINDOWS\system32;C:\WINDOWS;C:\WINDOWS\System32\Wbem;C:\WINDOWS\System32\WindowsPowerShell\v1.0\;C:\WINDOWS\System32\OpenSSH\;C:\Program Files\Git\cmd;C:\Program Files\Microsoft SQL Server\Client SDK\ODBC\170\Tools\Binn\;C:\Program Files\Microsoft SQL Server\150\Tools\Binn\;C:\WINDOWS\system32;C:\WINDOWS;C:\WINDOWS\System32\Wbem;C:\WINDOWS\System32\WindowsPowerShell\v1.0\;C:\WINDOWS\System32\OpenSSH\;C:\Program Files (x86)\Yarn\bin\;C:\Program Files\dotnet\;C:\Program Files\Git LFS;C:\Gradle\gradle-7.6\bin;C:\Users\Abubakar.NOTEBOOK\AppData\Local\Android\Sdk\platform-tools;C:\Users\Abubakar.NOTEBOOK\AppData\Local\Android\Sdk\tools;C:\Users\Abubakar.NOTEBOOK\AppData\Local\Android\Sdk\build-tools;C:\Program Files\CMake\bin;C:\Program Files\Cloudflare\Cloudflare WARP\;C:\Program Files\Mullvad VPN\resources;C:\Program Files\nodejs\;C:\Users\Abubakar.NOTEBOOK\AppData\Local\Programs\Python\Python310\Scripts\;C:\Users\Abubakar.NOTEBOOK\AppData\Local\Programs\Python\Python310\;C:\Users\Abubakar.NOTEBOOK\AppData\Local\Microsoft\WindowsApps;C:\Program Files (x86)\GitHub CLI\;C:\Users\Abubakar.NOTEBOOK\AppData\Local\Programs\Microsoft VS Code\bin;C:\Users\Abubakar.NOTEBOOK\AppData\Local\Yarn\bin;C:\Users\Abubakar.NOTEBOOK\.dotnet\tools;C:\Users\Abubakar.NOTEBOOK\AppData\Roaming\npm
USERNAME=Abubakar
OS=Windows_NT
PROCESSOR_IDENTIFIER=Intel64 Family 6 Model 140 Stepping 1, GenuineIntel
TMP=C:\Users\ABUBAK~1.NOT\AppData\Local\Temp
TEMP=C:\Users\ABUBAK~1.NOT\AppData\Local\Temp



---------------  S Y S T E M  ---------------

OS:
 Windows 11 , 64 bit Build 26058 (10.0.26058.1000)
OS uptime: 5 days 9:28 hours
Hyper-V role detected

CPU: total 8 (initial active 8) (4 cores per cpu, 2 threads per core) family 6 model 140 stepping 1 microcode 0xb4, cx8, cmov, fxsr, ht, mmx, 3dnowpref, sse, sse2, sse3, ssse3, sse4.1, sse4.2, popcnt, lzcnt, tsc, tscinvbit, avx, avx2, aes, erms, clmul, bmi1, bmi2, adx, avx512f, avx512dq, avx512cd, avx512bw, avx512vl, sha, fma, vzeroupper, avx512_vpopcntdq, avx512_vpclmulqdq, avx512_vaes, avx512_vnni, clflush, clflushopt, clwb, avx512_vbmi2, avx512_vbmi, hv, rdtscp, rdpid, fsrm, gfni, avx512_bitalg

Memory: 4k page, system-wide physical 7834M (673M free)
TotalPageFile size 31386M (AvailPageFile size 35M)
current process WorkingSet (physical memory assigned to process): 13M, peak: 13M
current process commit charge ("private bytes"): 60M, peak: 184M

vm_info: Java HotSpot(TM) 64-Bit Server VM (19.0.2+7-44) for windows-amd64 JRE (19.0.2+7-44), built on 2022-11-30T18:02:09Z by "mach5one" with MS VC++ 17.1 (VS2022)

END.
